[1206/141015.310:ERROR:process_memory_win.cc(73)] ReadMemory at 0x7f6423b0000 of 64 bytes failed: Only part of a ReadProcessMemory or WriteProcessMemory request was completed. (0x12B)
[1206/141015.610:WARNING:pe_image_reader.cc(340)] could not read dos header from C:\Program Files (x86)\Google\Chrome\Application\chrome.exe
[1206/141015.610:ERROR:process_memory_win.cc(73)] ReadMemory at 0x7f875500000 of 64 bytes failed: Only part of a ReadProcessMemory or WriteProcessMemory request was completed. (0x12B)
[1206/141015.610:WARNING:pe_image_reader.cc(340)] could not read dos header from C:\Windows\SYSTEM32\ntdll.dll
[1206/141015.610:ERROR:process_memory_win.cc(73)] ReadMemory at 0x7f872ed0000 of 64 bytes failed: Only part of a ReadProcessMemory or WriteProcessMemory request was completed. (0x12B)
[1206/141015.611:WARNING:pe_image_reader.cc(340)] could not read dos header from C:\Windows\system32\KERNEL32.dll
[1206/141015.611:ERROR:process_memory_win.cc(73)] ReadMemory at 0x7f872560000 of 64 bytes failed: Only part of a ReadProcessMemory or WriteProcessMemory request was completed. (0x12B)
[1206/141015.611:WARNING:pe_image_reader.cc(340)] could not read dos header from C:\Windows\system32\KERNELBASE.dll
[1206/141015.611:ERROR:process_memory_win.cc(73)] ReadMemory at 0x7f8636f0000 of 64 bytes failed: Only part of a ReadProcessMemory or WriteProcessMemory request was completed. (0x12B)
[1206/141015.611:WARNING:pe_image_reader.cc(340)] could not read dos header from C:\Program Files (x86)\Google\Chrome\Application\78.0.3904.108\chrome_elf.dll
[1206/141015.611:ERROR:process_memory_win.cc(73)] ReadMemory at 0x7f86df60000 of 64 bytes failed: Only part of a ReadProcessMemory or WriteProcessMemory request was completed. (0x12B)
[1206/141015.611:WARNING:pe_image_reader.cc(340)] could not read dos header from C:\Windows\SYSTEM32\VERSION.dll
[1206/141015.611:ERROR:process_memory_win.cc(73)] ReadMemory at 0x7f875440000 of 64 bytes failed: Only part of a ReadProcessMemory or WriteProcessMemory request was completed. (0x12B)
[1206/141015.611:WARNING:pe_image_reader.cc(340)] could not read dos header from C:\Windows\system32\msvcrt.dll
[1206/141015.611:ERROR:process_memory_win.cc(73)] ReadMemory at 0x7f875300000 of 64 bytes failed: Only part of a ReadProcessMemory or WriteProcessMemory request was completed. (0x12B)
[1206/141015.611:WARNING:pe_image_reader.cc(340)] could not read dos header from C:\Windows\system32\ADVAPI32.dll
[1206/141015.611:ERROR:process_memory_win.cc(73)] ReadMemory at 0x7f872e30000 of 64 bytes failed: Only part of a ReadProcessMemory or WriteProcessMemory request was completed. (0x12B)
[1206/141015.611:WARNING:pe_image_reader.cc(340)] could not read dos header from C:\Windows\SYSTEM32\sechost.dll
[1206/141015.611:ERROR:process_memory_win.cc(73)] ReadMemory at 0x7f872ba0000 of 64 bytes failed: Only part of a ReadProcessMemory or WriteProcessMemory request was completed. (0x12B)
[1206/141015.611:WARNING:pe_image_reader.cc(340)] could not read dos header from C:\Windows\system32\RPCRT4.dll
[1206/141015.611:ERROR:process_memory_win.cc(73)] ReadMemory at 0x7cd7ba0000 of 64 bytes failed: Only part of a ReadProcessMemory or WriteProcessMemory request was completed. (0x12B)
[1206/141015.611:WARNING:pe_image_reader.cc(340)] could not read dos header from C:\Program Files (x86)\Google\Chrome\Application\78.0.3904.108\chrome_child.dll
[1206/141015.611:ERROR:process_memory_win.cc(73)] ReadMemory at 0x7f872cf0000 of 64 bytes failed: Only part of a ReadProcessMemory or WriteProcessMemory request was completed. (0x12B)
[1206/141015.611:WARNING:pe_image_reader.cc(340)] could not read dos header from C:\Windows\system32\OLEAUT32.dll
[1206/141015.611:ERROR:process_memory_win.cc(73)] ReadMemory at 0x7f8753e0000 of 64 bytes failed: Only part of a ReadProcessMemory or WriteProcessMemory request was completed. (0x12B)
[1206/141015.611:WARNING:pe_image_reader.cc(340)] could not read dos header from C:\Windows\system32\WS2_32.dll
[1206/141015.611:ERROR:process_memory_win.cc(73)] ReadMemory at 0x7f86d910000 of 64 bytes failed: Only part of a ReadProcessMemory or WriteProcessMemory request was completed. (0x12B)
[1206/141015.611:WARNING:pe_image_reader.cc(340)] could not read dos header from C:\Windows\SYSTEM32\IPHLPAPI.DLL
[1206/141015.611:ERROR:process_memory_win.cc(73)] ReadMemory at 0x7f86eec0000 of 64 bytes failed: Only part of a ReadProcessMemory or WriteProcessMemory request was completed. (0x12B)
[1206/141015.611:WARNING:pe_image_reader.cc(340)] could not read dos header from C:\Windows\SYSTEM32\WINMM.dll
[1206/141015.611:ERROR:process_memory_win.cc(73)] ReadMemory at 0x7f872870000 of 64 bytes failed: Only part of a ReadProcessMemory or WriteProcessMemory request was completed. (0x12B)
[1206/141015.611:WARNING:pe_image_reader.cc(340)] could not read dos header from C:\Windows\system32\WINTRUST.dll
[1206/141015.611:ERROR:process_memory_win.cc(73)] ReadMemory at 0x7f872690000 of 64 bytes failed: Only part of a ReadProcessMemory or WriteProcessMemory request was completed. (0x12B)
[1206/141015.611:WARNING:pe_image_reader.cc(340)] could not read dos header from C:\Windows\system32\CRYPT32.dll
[1206/141015.611:ERROR:process_memory_win.cc(73)] ReadMemory at 0x7f872440000 of 64 bytes failed: Only part of a ReadProcessMemory or WriteProcessMemory request was completed. (0x12B)
[1206/141015.611:WARNING:pe_image_reader.cc(340)] could not read dos header from C:\Windows\system32\USERENV.dll
[1206/141015.611:ERROR:process_memory_win.cc(73)] ReadMemory at 0x7f86ec10000 of 64 bytes failed: Only part of a ReadProcessMemory or WriteProcessMemory request was completed. (0x12B)
[1206/141015.611:WARNING:pe_image_reader.cc(340)] could not read dos header from C:\Windows\SYSTEM32\DWrite.dll
[1206/141015.611:ERROR:process_memory_win.cc(73)] ReadMemory at 0x7f86e0e0000 of 64 bytes failed: Only part of a ReadProcessMemory or WriteProcessMemory request was completed. (0x12B)
[1206/141015.611:WARNING:pe_image_reader.cc(340)] could not read dos header from C:\Windows\SYSTEM32\WINSPOOL.DRV
[1206/141015.611:ERROR:process_memory_win.cc(73)] ReadMemory at 0x7f86a670000 of 64 bytes failed: Only part of a ReadProcessMemory or WriteProcessMemory request was completed. (0x12B)
[1206/141015.611:WARNING:pe_image_reader.cc(340)] could not read dos header from C:\Windows\SYSTEM32\dbghelp.dll
[1206/141015.611:ERROR:process_memory_win.cc(73)] ReadMemory at 0x7f86e510000 of 64 bytes failed: Only part of a ReadProcessMemory or WriteProcessMemory request was completed. (0x12B)
[1206/141015.611:WARNING:pe_image_reader.cc(340)] could not read dos header from C:\Windows\SYSTEM32\Secur32.dll
[1206/141015.612:ERROR:process_memory_win.cc(73)] ReadMemory at 0x7f86acd0000 of 64 bytes failed: Only part of a ReadProcessMemory or WriteProcessMemory request was completed. (0x12B)
[1206/141015.612:WARNING:pe_image_reader.cc(340)] could not read dos header from C:\Windows\SYSTEM32\WINHTTP.dll
[1206/141015.612:ERROR:process_memory_win.cc(73)] ReadMemory at 0x7f86d420000 of 64 bytes failed: Only part of a ReadProcessMemory or WriteProcessMemory request was completed. (0x12B)
[1206/141015.612:WARNING:pe_image_reader.cc(340)] could not read dos header from C:\Windows\SYSTEM32\dhcpcsvc.DLL
[1206/141015.612:ERROR:process_memory_win.cc(73)] ReadMemory at 0x7f873540000 of 64 bytes failed: Only part of a ReadProcessMemory or WriteProcessMemory request was completed. (0x12B)
[1206/141015.612:WARNING:pe_image_reader.cc(340)] could not read dos header from C:\Windows\system32\combase.dll
[1206/141015.612:ERROR:process_memory_win.cc(73)] ReadMemory at 0x7f874f80000 of 64 bytes failed: Only part of a ReadProcessMemory or WriteProcessMemory request was completed. (0x12B)
[1206/141015.612:WARNING:pe_image_reader.cc(340)] could not read dos header from C:\Windows\system32\NSI.dll
[1206/141015.612:ERROR:process_memory_win.cc(73)] ReadMemory at 0x7f86d8f0000 of 64 bytes failed: Only part of a ReadProcessMemory or WriteProcessMemory request was completed. (0x12B)
[1206/141015.612:WARNING:pe_image_reader.cc(340)] could not read dos header from C:\Windows\SYSTEM32\WINNSI.DLL
[1206/141015.612:ERROR:process_memory_win.cc(73)] ReadMemory at 0x7f86ee80000 of 64 bytes failed: Only part of a ReadProcessMemory or WriteProcessMemory request was completed. (0x12B)
[1206/141015.612:WARNING:pe_image_reader.cc(340)] could not read dos header from C:\Windows\SYSTEM32\WINMMBASE.dll
[1206/141015.612:ERROR:process_memory_win.cc(73)] ReadMemory at 0x7f872a50000 of 64 bytes failed: Only part of a ReadProcessMemory or WriteProcessMemory request was completed. (0x12B)
[1206/141015.612:WARNING:pe_image_reader.cc(340)] could not read dos header from C:\Windows\system32\USER32.dll
[1206/141015.612:ERROR:process_memory_win.cc(73)] ReadMemory at 0x7f872400000 of 64 bytes failed: Only part of a ReadProcessMemory or WriteProcessMemory request was completed. (0x12B)
[1206/141015.612:WARNING:pe_image_reader.cc(340)] could not read dos header from C:\Windows\system32\MSASN1.dll
[1206/141015.612:ERROR:process_memory_win.cc(73)] ReadMemory at 0x7f872420000 of 64 bytes failed: Only part of a ReadProcessMemory or WriteProcessMemory request was completed. (0x12B)
[1206/141015.612:WARNING:pe_image_reader.cc(340)] could not read dos header from C:\Windows\system32\profapi.dll
[1206/141015.612:ERROR:process_memory_win.cc(73)] ReadMemory at 0x7f872460000 of 64 bytes failed: Only part of a ReadProcessMemory or WriteProcessMemory request was completed. (0x12B)
[1206/141015.612:WARNING:pe_image_reader.cc(340)] could not read dos header from C:\Windows\SYSTEM32\cfgmgr32.dll
[1206/141015.612:ERROR:process_memory_win.cc(73)] ReadMemory at 0x7f872660000 of 64 bytes failed: Only part of a ReadProcessMemory or WriteProcessMemory request was completed. (0x12B)
[1206/141015.612:WARNING:pe_image_reader.cc(340)] could not read dos header from C:\Windows\system32\DEVOBJ.dll
[1206/141015.612:ERROR:process_memory_win.cc(73)] ReadMemory at 0x7f873260000 of 64 bytes failed: Only part of a ReadProcessMemory or WriteProcessMemory request was completed. (0x12B)
[1206/141015.612:WARNING:pe_image_reader.cc(340)] could not read dos header from C:\Windows\system32\GDI32.dll
[1206/141015.612:ERROR:process_memory_win.cc(73)] ReadMemory at 0x7f872120000 of 64 bytes failed: Only part of a ReadProcessMemory or WriteProcessMemory request was completed. (0x12B)
[1206/141015.612:WARNING:pe_image_reader.cc(340)] could not read dos header from C:\Windows\SYSTEM32\SSPICLI.DLL
[1206/141015.612:ERROR:process_memory_win.cc(73)] ReadMemory at 0x7f8752c0000 of 64 bytes failed: Only part of a ReadProcessMemory or WriteProcessMemory request was completed. (0x12B)
[1206/141015.612:WARNING:pe_image_reader.cc(340)] could not read dos header from C:\Windows\system32\IMM32.DLL
[1206/141015.612:ERROR:process_memory_win.cc(73)] ReadMemory at 0x7cdd310000 of 64 bytes failed: Only part of a ReadProcessMemory or WriteProcessMemory request was completed. (0x12B)
[1206/141015.612:WARNING:pe_image_reader.cc(340)] could not read dos header from C:\Windows\system32\MSCTF.dll
[1206/141015.612:ERROR:process_memory_win.cc(73)] ReadMemory at 0x7f8728d0000 of 64 bytes failed: Only part of a ReadProcessMemory or WriteProcessMemory request was completed. (0x12B)
[1206/141015.612:WARNING:pe_image_reader.cc(340)] could not read dos header from C:\Windows\system32\ole32.dll
[1206/141015.612:ERROR:process_memory_win.cc(73)] ReadMemory at 0x7f8721b0000 of 64 bytes failed: Only part of a ReadProcessMemory or WriteProcessMemory request was completed. (0x12B)
[1206/141015.612:WARNING:pe_image_reader.cc(340)] could not read dos header from C:\Windows\SYSTEM32\cryptbase.dll
[1206/141015.612:ERROR:process_memory_win.cc(73)] ReadMemory at 0x7f872150000 of 64 bytes failed: Only part of a ReadProcessMemory or WriteProcessMemory request was completed. (0x12B)
[1206/141015.612:WARNING:pe_image_reader.cc(340)] could not read dos header from C:\Windows\SYSTEM32\bcryptPrimitives.dll
[1206/141015.612:ERROR:process_memory_win.cc(73)] ReadMemory at 0x7f6423b0000 of 64 bytes failed: Only part of a ReadProcessMemory or WriteProcessMemory request was completed. (0x12B)
[1206/141015.612:WARNING:pe_image_reader.cc(340)] could not read dos header from C:\Program Files (x86)\Google\Chrome\Application\chrome.exe
[1206/141015.612:ERROR:process_memory_win.cc(73)] ReadMemory at 0x7f875500000 of 64 bytes failed: Only part of a ReadProcessMemory or WriteProcessMemory request was completed. (0x12B)
[1206/141015.612:WARNING:pe_image_reader.cc(340)] could not read dos header from C:\Windows\SYSTEM32\ntdll.dll
[1206/141015.612:ERROR:process_memory_win.cc(73)] ReadMemory at 0x7f872ed0000 of 64 bytes failed: Only part of a ReadProcessMemory or WriteProcessMemory request was completed. (0x12B)
[1206/141015.613:WARNING:pe_image_reader.cc(340)] could not read dos header from C:\Windows\system32\KERNEL32.dll
[1206/141015.613:ERROR:process_memory_win.cc(73)] ReadMemory at 0x7f872560000 of 64 bytes failed: Only part of a ReadProcessMemory or WriteProcessMemory request was completed. (0x12B)
[1206/141015.613:WARNING:pe_image_reader.cc(340)] could not read dos header from C:\Windows\system32\KERNELBASE.dll
[1206/141015.613:ERROR:process_memory_win.cc(73)] ReadMemory at 0x7f8636f0000 of 64 bytes failed: Only part of a ReadProcessMemory or WriteProcessMemory request was completed. (0x12B)
[1206/141015.613:WARNING:pe_image_reader.cc(340)] could not read dos header from C:\Program Files (x86)\Google\Chrome\Application\78.0.3904.108\chrome_elf.dll
[1206/141015.613:ERROR:process_memory_win.cc(73)] ReadMemory at 0x7f86df60000 of 64 bytes failed: Only part of a ReadProcessMemory or WriteProcessMemory request was completed. (0x12B)
[1206/141015.613:WARNING:pe_image_reader.cc(340)] could not read dos header from C:\Windows\SYSTEM32\VERSION.dll
[1206/141015.613:ERROR:process_memory_win.cc(73)] ReadMemory at 0x7f875440000 of 64 bytes failed: Only part of a ReadProcessMemory or WriteProcessMemory request was completed. (0x12B)
[1206/141015.613:WARNING:pe_image_reader.cc(340)] could not read dos header from C:\Windows\system32\msvcrt.dll
[1206/141015.613:ERROR:process_memory_win.cc(73)] ReadMemory at 0x7f875300000 of 64 bytes failed: Only part of a ReadProcessMemory or WriteProcessMemory request was completed. (0x12B)
[1206/141015.613:WARNING:pe_image_reader.cc(340)] could not read dos header from C:\Windows\system32\ADVAPI32.dll
[1206/141015.613:ERROR:process_memory_win.cc(73)] ReadMemory at 0x7f872e30000 of 64 bytes failed: Only part of a ReadProcessMemory or WriteProcessMemory request was completed. (0x12B)
[1206/141015.613:WARNING:pe_image_reader.cc(340)] could not read dos header from C:\Windows\SYSTEM32\sechost.dll
[1206/141015.613:ERROR:process_memory_win.cc(73)] ReadMemory at 0x7f872ba0000 of 64 bytes failed: Only part of a ReadProcessMemory or WriteProcessMemory request was completed. (0x12B)
[1206/141015.613:WARNING:pe_image_reader.cc(340)] could not read dos header from C:\Windows\system32\RPCRT4.dll
[1206/141015.613:ERROR:process_memory_win.cc(73)] ReadMemory at 0x7cd7ba0000 of 64 bytes failed: Only part of a ReadProcessMemory or WriteProcessMemory request was completed. (0x12B)
[1206/141015.613:WARNING:pe_image_reader.cc(340)] could not read dos header from C:\Program Files (x86)\Google\Chrome\Application\78.0.3904.108\chrome_child.dll
[1206/141015.613:ERROR:process_memory_win.cc(73)] ReadMemory at 0x7f872cf0000 of 64 bytes failed: Only part of a ReadProcessMemory or WriteProcessMemory request was completed. (0x12B)
[1206/141015.613:WARNING:pe_image_reader.cc(340)] could not read dos header from C:\Windows\system32\OLEAUT32.dll
[1206/141015.613:ERROR:process_memory_win.cc(73)] ReadMemory at 0x7f8753e0000 of 64 bytes failed: Only part of a ReadProcessMemory or WriteProcessMemory request was completed. (0x12B)
[1206/141015.613:WARNING:pe_image_reader.cc(340)] could not read dos header from C:\Windows\system32\WS2_32.dll
[1206/141015.613:ERROR:process_memory_win.cc(73)] ReadMemory at 0x7f86d910000 of 64 bytes failed: Only part of a ReadProcessMemory or WriteProcessMemory request was completed. (0x12B)
[1206/141015.613:WARNING:pe_image_reader.cc(340)] could not read dos header from C:\Windows\SYSTEM32\IPHLPAPI.DLL
[1206/141015.613:ERROR:process_memory_win.cc(73)] ReadMemory at 0x7f86eec0000 of 64 bytes failed: Only part of a ReadProcessMemory or WriteProcessMemory request was completed. (0x12B)
[1206/141015.613:WARNING:pe_image_reader.cc(340)] could not read dos header from C:\Windows\SYSTEM32\WINMM.dll
[1206/141015.613:ERROR:process_memory_win.cc(73)] ReadMemory at 0x7f872870000 of 64 bytes failed: Only part of a ReadProcessMemory or WriteProcessMemory request was completed. (0x12B)
[1206/141015.613:WARNING:pe_image_reader.cc(340)] could not read dos header from C:\Windows\system32\WINTRUST.dll
[1206/141015.613:ERROR:process_memory_win.cc(73)] ReadMemory at 0x7f872690000 of 64 bytes failed: Only part of a ReadProcessMemory or WriteProcessMemory request was completed. (0x12B)
[1206/141015.613:WARNING:pe_image_reader.cc(340)] could not read dos header from C:\Windows\system32\CRYPT32.dll
[1206/141015.613:ERROR:process_memory_win.cc(73)] ReadMemory at 0x7f872440000 of 64 bytes failed: Only part of a ReadProcessMemory or WriteProcessMemory request was completed. (0x12B)
[1206/141015.613:WARNING:pe_image_reader.cc(340)] could not read dos header from C:\Windows\system32\USERENV.dll
[1206/141015.613:ERROR:process_memory_win.cc(73)] ReadMemory at 0x7f86ec10000 of 64 bytes failed: Only part of a ReadProcessMemory or WriteProcessMemory request was completed. (0x12B)
[1206/141015.615:WARNING:pe_image_reader.cc(340)] could not read dos header from C:\Windows\SYSTEM32\DWrite.dll
[1206/141015.615:ERROR:process_memory_win.cc(73)] ReadMemory at 0x7f86e0e0000 of 64 bytes failed: Only part of a ReadProcessMemory or WriteProcessMemory request was completed. (0x12B)
[1206/141015.615:WARNING:pe_image_reader.cc(340)] could not read dos header from C:\Windows\SYSTEM32\WINSPOOL.DRV
[1206/141015.615:ERROR:process_memory_win.cc(73)] ReadMemory at 0x7f86a670000 of 64 bytes failed: Only part of a ReadProcessMemory or WriteProcessMemory request was completed. (0x12B)
[1206/141015.615:WARNING:pe_image_reader.cc(340)] could not read dos header from C:\Windows\SYSTEM32\dbghelp.dll
[1206/141015.619:ERROR:process_memory_win.cc(73)] ReadMemory at 0x7f86e510000 of 64 bytes failed: Only part of a ReadProcessMemory or WriteProcessMemory request was completed. (0x12B)
[1206/141015.619:WARNING:pe_image_reader.cc(340)] could not read dos header from C:\Windows\SYSTEM32\Secur32.dll
[1206/141015.619:ERROR:process_memory_win.cc(73)] ReadMemory at 0x7f86acd0000 of 64 bytes failed: Only part of a ReadProcessMemory or WriteProcessMemory request was completed. (0x12B)
[1206/141015.619:WARNING:pe_image_reader.cc(340)] could not read dos header from C:\Windows\SYSTEM32\WINHTTP.dll
[1206/141015.619:ERROR:process_memory_win.cc(73)] ReadMemory at 0x7f86d420000 of 64 bytes failed: Only part of a ReadProcessMemory or WriteProcessMemory request was completed. (0x12B)
[1206/141015.619:WARNING:pe_image_reader.cc(340)] could not read dos header from C:\Windows\SYSTEM32\dhcpcsvc.DLL
[1206/141015.619:ERROR:process_memory_win.cc(73)] ReadMemory at 0x7f873540000 of 64 bytes failed: Only part of a ReadProcessMemory or WriteProcessMemory request was completed. (0x12B)
[1206/141015.619:WARNING:pe_image_reader.cc(340)] could not read dos header from C:\Windows\system32\combase.dll
[1206/141015.619:ERROR:process_memory_win.cc(73)] ReadMemory at 0x7f874f80000 of 64 bytes failed: Only part of a ReadProcessMemory or WriteProcessMemory request was completed. (0x12B)
[1206/141015.619:WARNING:pe_image_reader.cc(340)] could not read dos header from C:\Windows\system32\NSI.dll
[1206/141015.619:ERROR:process_memory_win.cc(73)] ReadMemory at 0x7f86d8f0000 of 64 bytes failed: Only part of a ReadProcessMemory or WriteProcessMemory request was completed. (0x12B)
[1206/141015.619:WARNING:pe_image_reader.cc(340)] could not read dos header from C:\Windows\SYSTEM32\WINNSI.DLL
[1206/141015.619:ERROR:process_memory_win.cc(73)] ReadMemory at 0x7f86ee80000 of 64 bytes failed: Only part of a ReadProcessMemory or WriteProcessMemory request was completed. (0x12B)
[1206/141015.619:WARNING:pe_image_reader.cc(340)] could not read dos header from C:\Windows\SYSTEM32\WINMMBASE.dll
[1206/141015.619:ERROR:process_memory_win.cc(73)] ReadMemory at 0x7f872a50000 of 64 bytes failed: Only part of a ReadProcessMemory or WriteProcessMemory request was completed. (0x12B)
[1206/141015.619:WARNING:pe_image_reader.cc(340)] could not read dos header from C:\Windows\system32\USER32.dll
[1206/141015.619:ERROR:process_memory_win.cc(73)] ReadMemory at 0x7f872400000 of 64 bytes failed: Only part of a ReadProcessMemory or WriteProcessMemory request was completed. (0x12B)
[1206/141015.619:WARNING:pe_image_reader.cc(340)] could not read dos header from C:\Windows\system32\MSASN1.dll
[1206/141015.619:ERROR:process_memory_win.cc(73)] ReadMemory at 0x7f872420000 of 64 bytes failed: Only part of a ReadProcessMemory or WriteProcessMemory request was completed. (0x12B)
[1206/141015.619:WARNING:pe_image_reader.cc(340)] could not read dos header from C:\Windows\system32\profapi.dll
[1206/141015.619:ERROR:process_memory_win.cc(73)] ReadMemory at 0x7f872460000 of 64 bytes failed: Only part of a ReadProcessMemory or WriteProcessMemory request was completed. (0x12B)
[1206/141015.619:WARNING:pe_image_reader.cc(340)] could not read dos header from C:\Windows\SYSTEM32\cfgmgr32.dll
[1206/141015.619:ERROR:process_memory_win.cc(73)] ReadMemory at 0x7f872660000 of 64 bytes failed: Only part of a ReadProcessMemory or WriteProcessMemory request was completed. (0x12B)
[1206/141015.619:WARNING:pe_image_reader.cc(340)] could not read dos header from C:\Windows\system32\DEVOBJ.dll
[1206/141015.619:ERROR:process_memory_win.cc(73)] ReadMemory at 0x7f873260000 of 64 bytes failed: Only part of a ReadProcessMemory or WriteProcessMemory request was completed. (0x12B)
[1206/141015.619:WARNING:pe_image_reader.cc(340)] could not read dos header from C:\Windows\system32\GDI32.dll
[1206/141015.619:ERROR:process_memory_win.cc(73)] ReadMemory at 0x7f872120000 of 64 bytes failed: Only part of a ReadProcessMemory or WriteProcessMemory request was completed. (0x12B)
[1206/141015.619:WARNING:pe_image_reader.cc(340)] could not read dos header from C:\Windows\SYSTEM32\SSPICLI.DLL
[1206/141015.619:ERROR:process_memory_win.cc(73)] ReadMemory at 0x7f8752c0000 of 64 bytes failed: Only part of a ReadProcessMemory or WriteProcessMemory request was completed. (0x12B)
[1206/141015.619:WARNING:pe_image_reader.cc(340)] could not read dos header from C:\Windows\system32\IMM32.DLL
[1206/141015.619:ERROR:process_memory_win.cc(73)] ReadMemory at 0x7cdd310000 of 64 bytes failed: Only part of a ReadProcessMemory or WriteProcessMemory request was completed. (0x12B)
[1206/141015.619:WARNING:pe_image_reader.cc(340)] could not read dos header from C:\Windows\system32\MSCTF.dll
[1206/141015.620:ERROR:process_memory_win.cc(73)] ReadMemory at 0x7f8728d0000 of 64 bytes failed: Only part of a ReadProcessMemory or WriteProcessMemory request was completed. (0x12B)
[1206/141015.620:WARNING:pe_image_reader.cc(340)] could not read dos header from C:\Windows\system32\ole32.dll
[1206/141015.620:ERROR:process_memory_win.cc(73)] ReadMemory at 0x7f8721b0000 of 64 bytes failed: Only part of a ReadProcessMemory or WriteProcessMemory request was completed. (0x12B)
[1206/141015.620:WARNING:pe_image_reader.cc(340)] could not read dos header from C:\Windows\SYSTEM32\cryptbase.dll
[1206/141015.620:ERROR:process_memory_win.cc(73)] ReadMemory at 0x7f872150000 of 64 bytes failed: Only part of a ReadProcessMemory or WriteProcessMemory request was completed. (0x12B)
[1206/141015.620:WARNING:pe_image_reader.cc(340)] could not read dos header from C:\Windows\SYSTEM32\bcryptPrimitives.dll
[1206/141015.756:ERROR:process_memory_win.cc(73)] ReadMemory at 0x7cd767b000 of 86016 bytes failed: Only part of a ReadProcessMemory or WriteProcessMemory request was completed. (0x12B)
[1206/141015.756:ERROR:process_memory_win.cc(73)] ReadMemory at 0x7ce095d000 of 12288 bytes failed: Only part of a ReadProcessMemory or WriteProcessMemory request was completed. (0x12B)
[1206/141015.757:ERROR:process_memory_win.cc(73)] ReadMemory at 0x7ce115c000 of 16384 bytes failed: Only part of a ReadProcessMemory or WriteProcessMemory request was completed. (0x12B)
[1206/141015.757:ERROR:process_memory_win.cc(73)] ReadMemory at 0x7ce195c000 of 16384 bytes failed: Only part of a ReadProcessMemory or WriteProcessMemory request was completed. (0x12B)
[1206/141015.757:ERROR:process_memory_win.cc(73)] ReadMemory at 0x7ce215b000 of 20480 bytes failed: Only part of a ReadProcessMemory or WriteProcessMemory request was completed. (0x12B)
[1206/141015.757:ERROR:process_memory_win.cc(73)] ReadMemory at 0x7ce295e000 of 8192 bytes failed: Only part of a ReadProcessMemory or WriteProcessMemory request was completed. (0x12B)
[1206/141015.757:ERROR:process_memory_win.cc(73)] ReadMemory at 0x7ce325c000 of 16384 bytes failed: Only part of a ReadProcessMemory or WriteProcessMemory request was completed. (0x12B)
[1206/141015.757:ERROR:process_memory_win.cc(73)] ReadMemory at 0x7ce3c5b000 of 20480 bytes failed: Only part of a ReadProcessMemory or WriteProcessMemory request was completed. (0x12B)
[1206/141015.757:ERROR:process_memory_win.cc(73)] ReadMemory at 0x7ce445b000 of 20480 bytes failed: Only part of a ReadProcessMemory or WriteProcessMemory request was completed. (0x12B)
[1206/141015.757:ERROR:process_memory_win.cc(73)] ReadMemory at 0x7ce4c5d000 of 12288 bytes failed: Only part of a ReadProcessMemory or WriteProcessMemory request was completed. (0x12B)
[1206/141015.757:ERROR:process_memory_win.cc(73)] ReadMemory at 0x7ce5fdd000 of 12288 bytes failed: Only part of a ReadProcessMemory or WriteProcessMemory request was completed. (0x12B)
[1206/141015.757:ERROR:process_memory_win.cc(73)] ReadMemory at 0x7cea01e000 of 8192 bytes failed: Only part of a ReadProcessMemory or WriteProcessMemory request was completed. (0x12B)
[1206/141015.758:ERROR:process_memory_win.cc(73)] ReadMemory at 0x7cd7740860 of 18766 bytes failed: Only part of a ReadProcessMemory or WriteProcessMemory request was completed. (0x12B)
[1206/141015.758:ERROR:process_memory_win.cc(73)] ReadMemory at 0x7cd77451c0 of 1012 bytes failed: Only part of a ReadProcessMemory or WriteProcessMemory request was completed. (0x12B)
[1206/141015.758:ERROR:process_memory_win.cc(73)] ReadMemory at 0x7cd77457d8 of 118 bytes failed: Only part of a ReadProcessMemory or WriteProcessMemory request was completed. (0x12B)
[1206/141015.758:ERROR:process_memory_win.cc(73)] ReadMemory at 0x7cd7745850 of 786 bytes failed: Only part of a ReadProcessMemory or WriteProcessMemory request was completed. (0x12B)
[1206/141015.758:ERROR:process_memory_win.cc(73)] ReadMemory at 0x7cd7745b64 of 118 bytes failed: Only part of a ReadProcessMemory or WriteProcessMemory request was completed. (0x12B)
[1206/141015.758:ERROR:process_memory_win.cc(73)] ReadMemory at 0x7cd7745bdc of 102 bytes failed: Only part of a ReadProcessMemory or WriteProcessMemory request was completed. (0x12B)
[1206/141015.758:ERROR:process_memory_win.cc(73)] ReadMemory at 0x7cd7745c50 of 58 bytes failed: Only part of a ReadProcessMemory or WriteProcessMemory request was completed. (0x12B)
[1206/141015.758:ERROR:process_memory_win.cc(73)] ReadMemory at 0x7cd7745d50 of 132 bytes failed: Only part of a ReadProcessMemory or WriteProcessMemory request was completed. (0x12B)
[1206/141015.758:ERROR:process_memory_win.cc(73)] ReadMemory at 0x7cd7745ed0 of 132 bytes failed: Only part of a ReadProcessMemory or WriteProcessMemory request was completed. (0x12B)
[1206/141015.758:ERROR:process_memory_win.cc(73)] ReadMemory at 0x7cd77460d0 of 126 bytes failed: Only part of a ReadProcessMemory or WriteProcessMemory request was completed. (0x12B)
[1206/141015.758:ERROR:process_memory_win.cc(73)] ReadMemory at 0x7cd7746800 of 64 bytes failed: Only part of a ReadProcessMemory or WriteProcessMemory request was completed. (0x12B)
[1206/141015.758:ERROR:process_memory_win.cc(73)] ReadMemory at 0x7cd77469a0 of 132 bytes failed: Only part of a ReadProcessMemory or WriteProcessMemory request was completed. (0x12B)
[1206/141015.758:ERROR:process_memory_win.cc(73)] ReadMemory at 0x7cd7746d30 of 68 bytes failed: Only part of a ReadProcessMemory or WriteProcessMemory request was completed. (0x12B)
[1206/141015.758:ERROR:process_memory_win.cc(73)] ReadMemory at 0x7cd7746d80 of 132 bytes failed: Only part of a ReadProcessMemory or WriteProcessMemory request was completed. (0x12B)
[1206/141015.758:ERROR:process_memory_win.cc(73)] ReadMemory at 0x7cd774c880 of 54 bytes failed: Only part of a ReadProcessMemory or WriteProcessMemory request was completed. (0x12B)
[1206/141015.758:ERROR:process_memory_win.cc(73)] ReadMemory at 0x7cd774d8d0 of 64 bytes failed: Only part of a ReadProcessMemory or WriteProcessMemory request was completed. (0x12B)
[1206/141015.758:ERROR:process_memory_win.cc(73)] ReadMemory at 0x7cd774d9c0 of 62 bytes failed: Only part of a ReadProcessMemory or WriteProcessMemory request was completed. (0x12B)
[1206/141015.758:ERROR:process_memory_win.cc(73)] ReadMemory at 0x7cd774da10 of 62 bytes failed: Only part of a ReadProcessMemory or WriteProcessMemory request was completed. (0x12B)
[1206/141015.758:ERROR:process_memory_win.cc(73)] ReadMemory at 0x7cd774db50 of 62 bytes failed: Only part of a ReadProcessMemory or WriteProcessMemory request was completed. (0x12B)
[1206/141015.758:ERROR:process_memory_win.cc(73)] ReadMemory at 0x7cd774dba0 of 64 bytes failed: Only part of a ReadProcessMemory or WriteProcessMemory request was completed. (0x12B)
[1206/141015.759:ERROR:process_memory_win.cc(73)] ReadMemory at 0x7cd774dc40 of 60 bytes failed: Only part of a ReadProcessMemory or WriteProcessMemory request was completed. (0x12B)
[1206/141015.759:ERROR:process_memory_win.cc(73)] ReadMemory at 0x7cd774dd30 of 58 bytes failed: Only part of a ReadProcessMemory or WriteProcessMemory request was completed. (0x12B)
[1206/141015.759:ERROR:process_memory_win.cc(73)] ReadMemory at 0x7cd774dd80 of 64 bytes failed: Only part of a ReadProcessMemory or WriteProcessMemory request was completed. (0x12B)
[1206/141015.759:ERROR:process_memory_win.cc(73)] ReadMemory at 0x7cd774de20 of 60 bytes failed: Only part of a ReadProcessMemory or WriteProcessMemory request was completed. (0x12B)
[1206/141015.759:ERROR:process_memory_win.cc(73)] ReadMemory at 0x7cd774de70 of 64 bytes failed: Only part of a ReadProcessMemory or WriteProcessMemory request was completed. (0x12B)
[1206/141015.759:ERROR:process_memory_win.cc(73)] ReadMemory at 0x7cd774df60 of 60 bytes failed: Only part of a ReadProcessMemory or WriteProcessMemory request was completed. (0x12B)
[1206/141015.759:ERROR:process_memory_win.cc(73)] ReadMemory at 0x7cd774fb00 of 132 bytes failed: Only part of a ReadProcessMemory or WriteProcessMemory request was completed. (0x12B)
[1206/141015.759:ERROR:process_memory_win.cc(73)] ReadMemory at 0x7cd7750350 of 132 bytes failed: Only part of a ReadProcessMemory or WriteProcessMemory request was completed. (0x12B)
[1206/141015.759:ERROR:process_memory_win.cc(73)] ReadMemory at 0x7cd7750e20 of 132 bytes failed: Only part of a ReadProcessMemory or WriteProcessMemory request was completed. (0x12B)
[1206/141015.759:ERROR:process_memory_win.cc(73)] ReadMemory at 0x7cd7750f40 of 158 bytes failed: Only part of a ReadProcessMemory or WriteProcessMemory request was completed. (0x12B)
[1206/141015.759:ERROR:process_memory_win.cc(73)] ReadMemory at 0x7cd7750ff0 of 132 bytes failed: Only part of a ReadProcessMemory or WriteProcessMemory request was completed. (0x12B)
[1206/141015.759:ERROR:process_memory_win.cc(73)] ReadMemory at 0x7cd7754090 of 154 bytes failed: Only part of a ReadProcessMemory or WriteProcessMemory request was completed. (0x12B)
[1206/141015.759:ERROR:process_memory_win.cc(73)] ReadMemory at 0x7cd7754140 of 132 bytes failed: Only part of a ReadProcessMemory or WriteProcessMemory request was completed. (0x12B)
[1206/141015.759:ERROR:process_memory_win.cc(73)] ReadMemory at 0x7cd7754a70 of 132 bytes failed: Only part of a ReadProcessMemory or WriteProcessMemory request was completed. (0x12B)
[1206/141015.759:ERROR:process_memory_win.cc(73)] ReadMemory at 0x7cd7754ca0 of 132 bytes failed: Only part of a ReadProcessMemory or WriteProcessMemory request was completed. (0x12B)
[1206/141015.759:ERROR:process_memory_win.cc(73)] ReadMemory at 0x7cd7755720 of 132 bytes failed: Only part of a ReadProcessMemory or WriteProcessMemory request was completed. (0x12B)
[1206/141015.759:ERROR:process_memory_win.cc(73)] ReadMemory at 0x7cd7755840 of 132 bytes failed: Only part of a ReadProcessMemory or WriteProcessMemory request was completed. (0x12B)
[1206/141015.759:ERROR:process_memory_win.cc(73)] ReadMemory at 0x7cd7755960 of 132 bytes failed: Only part of a ReadProcessMemory or WriteProcessMemory request was completed. (0x12B)
[1206/141015.759:ERROR:process_memory_win.cc(73)] ReadMemory at 0x7cd7755a80 of 132 bytes failed: Only part of a ReadProcessMemory or WriteProcessMemory request was completed. (0x12B)
[1206/141015.759:ERROR:process_memory_win.cc(73)] ReadMemory at 0x7cd7755ba0 of 132 bytes failed: Only part of a ReadProcessMemory or WriteProcessMemory request was completed. (0x12B)
[1206/141015.759:ERROR:process_memory_win.cc(73)] ReadMemory at 0x7cd7755cc0 of 132 bytes failed: Only part of a ReadProcessMemory or WriteProcessMemory request was completed. (0x12B)
[1206/141015.759:ERROR:process_memory_win.cc(73)] ReadMemory at 0x7cd7755de0 of 132 bytes failed: Only part of a ReadProcessMemory or WriteProcessMemory request was completed. (0x12B)
[1206/141015.760:ERROR:process_memory_win.cc(73)] ReadMemory at 0x7cd7755f00 of 132 bytes failed: Only part of a ReadProcessMemory or WriteProcessMemory request was completed. (0x12B)
[1206/141015.760:ERROR:process_memory_win.cc(73)] ReadMemory at 0x7cd7756020 of 132 bytes failed: Only part of a ReadProcessMemory or WriteProcessMemory request was completed. (0x12B)
[1206/141015.760:ERROR:process_memory_win.cc(73)] ReadMemory at 0x7cd7756140 of 132 bytes failed: Only part of a ReadProcessMemory or WriteProcessMemory request was completed. (0x12B)
[1206/141015.760:ERROR:process_memory_win.cc(73)] ReadMemory at 0x7cd7756260 of 132 bytes failed: Only part of a ReadProcessMemory or WriteProcessMemory request was completed. (0x12B)
[1206/141015.760:ERROR:process_memory_win.cc(73)] ReadMemory at 0x7cd7756380 of 132 bytes failed: Only part of a ReadProcessMemory or WriteProcessMemory request was completed. (0x12B)
[1206/141015.760:ERROR:process_memory_win.cc(73)] ReadMemory at 0x7cd77564a0 of 132 bytes failed: Only part of a ReadProcessMemory or WriteProcessMemory request was completed. (0x12B)
[1206/141015.760:ERROR:process_memory_win.cc(73)] ReadMemory at 0x7cd7756a90 of 132 bytes failed: Only part of a ReadProcessMemory or WriteProcessMemory request was completed. (0x12B)
[1206/141015.760:ERROR:process_memory_win.cc(73)] ReadMemory at 0x7cd77585f0 of 132 bytes failed: Only part of a ReadProcessMemory or WriteProcessMemory request was completed. (0x12B)
[1206/141015.760:ERROR:process_memory_win.cc(73)] ReadMemory at 0x7cd7758850 of 60 bytes failed: Only part of a ReadProcessMemory or WriteProcessMemory request was completed. (0x12B)
[1206/141015.760:ERROR:process_memory_win.cc(73)] ReadMemory at 0x7cd77588f0 of 62 bytes failed: Only part of a ReadProcessMemory or WriteProcessMemory request was completed. (0x12B)
[1206/141015.760:ERROR:process_memory_win.cc(73)] ReadMemory at 0x7cd7758a80 of 64 bytes failed: Only part of a ReadProcessMemory or WriteProcessMemory request was completed. (0x12B)
[1206/141015.760:ERROR:process_memory_win.cc(73)] ReadMemory at 0x7cd7758bc0 of 62 bytes failed: Only part of a ReadProcessMemory or WriteProcessMemory request was completed. (0x12B)
[1206/141015.760:ERROR:process_memory_win.cc(73)] ReadMemory at 0x7cd7758c10 of 64 bytes failed: Only part of a ReadProcessMemory or WriteProcessMemory request was completed. (0x12B)
[1206/141015.760:ERROR:process_memory_win.cc(73)] ReadMemory at 0x7cd7758cb0 of 62 bytes failed: Only part of a ReadProcessMemory or WriteProcessMemory request was completed. (0x12B)
[1206/141015.760:ERROR:process_memory_win.cc(73)] ReadMemory at 0x7cd7758da0 of 66 bytes failed: Only part of a ReadProcessMemory or WriteProcessMemory request was completed. (0x12B)
[1206/141015.760:ERROR:process_memory_win.cc(73)] ReadMemory at 0x7cd7758e90 of 64 bytes failed: Only part of a ReadProcessMemory or WriteProcessMemory request was completed. (0x12B)
[1206/141015.760:ERROR:process_memory_win.cc(73)] ReadMemory at 0x7cd7758f80 of 58 bytes failed: Only part of a ReadProcessMemory or WriteProcessMemory request was completed. (0x12B)
[1206/141015.931:ERROR:process_memory_win.cc(73)] ReadMemory at 0x7cd7759070 of 60 bytes failed: Only part of a ReadProcessMemory or WriteProcessMemory request was completed. (0x12B)
[1206/141015.931:ERROR:process_memory_win.cc(73)] ReadMemory at 0x7cd77590c0 of 62 bytes failed: Only part of a ReadProcessMemory or WriteProcessMemory request was completed. (0x12B)
[1206/141015.931:ERROR:process_memory_win.cc(73)] ReadMemory at 0x7cd7759110 of 60 bytes failed: Only part of a ReadProcessMemory or WriteProcessMemory request was completed. (0x12B)
[1206/141015.931:ERROR:process_memory_win.cc(73)] ReadMemory at 0x7cd7759160 of 62 bytes failed: Only part of a ReadProcessMemory or WriteProcessMemory request was completed. (0x12B)
[1206/141015.931:ERROR:process_memory_win.cc(73)] ReadMemory at 0x7cd7759200 of 58 bytes failed: Only part of a ReadProcessMemory or WriteProcessMemory request was completed. (0x12B)
[1206/141015.932:ERROR:process_memory_win.cc(73)] ReadMemory at 0x7cd7759390 of 62 bytes failed: Only part of a ReadProcessMemory or WriteProcessMemory request was completed. (0x12B)
[1206/141015.932:ERROR:process_memory_win.cc(73)] ReadMemory at 0x7cd7759480 of 60 bytes failed: Only part of a ReadProcessMemory or WriteProcessMemory request was completed. (0x12B)
[1206/141015.932:ERROR:process_memory_win.cc(73)] ReadMemory at 0x7cd7759520 of 66 bytes failed: Only part of a ReadProcessMemory or WriteProcessMemory request was completed. (0x12B)
[1206/141015.932:ERROR:process_memory_win.cc(73)] ReadMemory at 0x7cd7759570 of 60 bytes failed: Only part of a ReadProcessMemory or WriteProcessMemory request was completed. (0x12B)
[1206/141015.932:ERROR:process_memory_win.cc(73)] ReadMemory at 0x7cd77595c0 of 58 bytes failed: Only part of a ReadProcessMemory or WriteProcessMemory request was completed. (0x12B)
[1206/141015.932:ERROR:process_memory_win.cc(73)] ReadMemory at 0x7cd7759610 of 62 bytes failed: Only part of a ReadProcessMemory or WriteProcessMemory request was completed. (0x12B)
[1206/141015.932:ERROR:process_memory_win.cc(73)] ReadMemory at 0x7cd7759660 of 58 bytes failed: Only part of a ReadProcessMemory or WriteProcessMemory request was completed. (0x12B)
[1206/141015.932:ERROR:process_memory_win.cc(73)] ReadMemory at 0x7cd775a9d0 of 132 bytes failed: Only part of a ReadProcessMemory or WriteProcessMemory request was completed. (0x12B)
[1206/141015.932:ERROR:process_memory_win.cc(73)] ReadMemory at 0x7cd775aaf0 of 132 bytes failed: Only part of a ReadProcessMemory or WriteProcessMemory request was completed. (0x12B)
[1206/141015.932:ERROR:process_memory_win.cc(73)] ReadMemory at 0x7cd775b430 of 80 bytes failed: Only part of a ReadProcessMemory or WriteProcessMemory request was completed. (0x12B)
[1206/141015.932:ERROR:process_memory_win.cc(73)] ReadMemory at 0x7cd775c130 of 132 bytes failed: Only part of a ReadProcessMemory or WriteProcessMemory request was completed. (0x12B)
[1206/141015.932:ERROR:process_memory_win.cc(73)] ReadMemory at 0x7cd775c250 of 132 bytes failed: Only part of a ReadProcessMemory or WriteProcessMemory request was completed. (0x12B)
[1206/141015.932:ERROR:process_memory_win.cc(73)] ReadMemory at 0x7cd775c5b0 of 132 bytes failed: Only part of a ReadProcessMemory or WriteProcessMemory request was completed. (0x12B)
[1206/141015.932:ERROR:process_memory_win.cc(73)] ReadMemory at 0x7cd775c7f0 of 132 bytes failed: Only part of a ReadProcessMemory or WriteProcessMemory request was completed. (0x12B)
[1206/141015.932:ERROR:process_memory_win.cc(73)] ReadMemory at 0x7cd775c910 of 132 bytes failed: Only part of a ReadProcessMemory or WriteProcessMemory request was completed. (0x12B)
[1206/141015.932:ERROR:process_memory_win.cc(73)] ReadMemory at 0x7cd775cb50 of 132 bytes failed: Only part of a ReadProcessMemory or WriteProcessMemory request was completed. (0x12B)
[1206/141015.932:ERROR:process_memory_win.cc(73)] ReadMemory at 0x7cd775cc70 of 132 bytes failed: Only part of a ReadProcessMemory or WriteProcessMemory request was completed. (0x12B)
[1206/141015.932:ERROR:process_memory_win.cc(73)] ReadMemory at 0x7cd775ceb0 of 132 bytes failed: Only part of a ReadProcessMemory or WriteProcessMemory request was completed. (0x12B)
[1206/141015.932:ERROR:process_memory_win.cc(73)] ReadMemory at 0x7cd775cfd0 of 132 bytes failed: Only part of a ReadProcessMemory or WriteProcessMemory request was completed. (0x12B)
[1206/141015.932:ERROR:process_memory_win.cc(73)] ReadMemory at 0x7cd775d570 of 132 bytes failed: Only part of a ReadProcessMemory or WriteProcessMemory request was completed. (0x12B)
[1206/141015.932:ERROR:process_memory_win.cc(73)] ReadMemory at 0x7cd775d9f0 of 132 bytes failed: Only part of a ReadProcessMemory or WriteProcessMemory request was completed. (0x12B)
[1206/141015.932:ERROR:process_memory_win.cc(73)] ReadMemory at 0x7cd775db10 of 132 bytes failed: Only part of a ReadProcessMemory or WriteProcessMemory request was completed. (0x12B)
[1206/141015.933:ERROR:process_memory_win.cc(73)] ReadMemory at 0x7cd7767730 of 512 bytes failed: Only part of a ReadProcessMemory or WriteProcessMemory request was completed. (0x12B)
[1206/141015.933:ERROR:process_memory_win.cc(73)] ReadMemory at 0x7cd7ba28e6 of 512 bytes failed: Only part of a ReadProcessMemory or WriteProcessMemory request was completed. (0x12B)
[1206/141015.933:ERROR:process_memory_win.cc(73)] ReadMemory at 0x7cdc551b90 of 512 bytes failed: Only part of a ReadProcessMemory or WriteProcessMemory request was completed. (0x12B)
[1206/141015.933:ERROR:process_memory_win.cc(73)] ReadMemory at 0x7cdd60ee60 of 512 bytes failed: Only part of a ReadProcessMemory or WriteProcessMemory request was completed. (0x12B)
[1206/141015.933:ERROR:process_memory_win.cc(73)] ReadMemory at 0x7cdd6346f0 of 512 bytes failed: Only part of a ReadProcessMemory or WriteProcessMemory request was completed. (0x12B)
[1206/141015.933:ERROR:process_memory_win.cc(73)] ReadMemory at 0x7cdd643308 of 512 bytes failed: Only part of a ReadProcessMemory or WriteProcessMemory request was completed. (0x12B)
[1206/141015.933:ERROR:process_memory_win.cc(73)] ReadMemory at 0x7ce2960d10 of 512 bytes failed: Only part of a ReadProcessMemory or WriteProcessMemory request was completed. (0x12B)
[1206/141015.933:ERROR:process_memory_win.cc(73)] ReadMemory at 0x7ce2967660 of 712 bytes failed: Only part of a ReadProcessMemory or WriteProcessMemory request was completed. (0x12B)
[1206/141015.933:ERROR:process_memory_win.cc(73)] ReadMemory at 0x7ce29ed7e8 of 512 bytes failed: Only part of a ReadProcessMemory or WriteProcessMemory request was completed. (0x12B)
[1206/141015.933:ERROR:process_memory_win.cc(73)] ReadMemory at 0x7ce32c3950 of 512 bytes failed: Only part of a ReadProcessMemory or WriteProcessMemory request was completed. (0x12B)
[1206/141015.933:ERROR:process_memory_win.cc(73)] ReadMemory at 0x7ce3353288 of 512 bytes failed: Only part of a ReadProcessMemory or WriteProcessMemory request was completed. (0x12B)
[1206/141015.933:ERROR:process_memory_win.cc(73)] ReadMemory at 0x7ce60a2e70 of 512 bytes failed: Only part of a ReadProcessMemory or WriteProcessMemory request was completed. (0x12B)
[1206/141015.933:ERROR:process_memory_win.cc(73)] ReadMemory at 0x7ce68e7be0 of 512 bytes failed: Only part of a ReadProcessMemory or WriteProcessMemory request was completed. (0x12B)
[1206/141015.933:ERROR:process_memory_win.cc(73)] ReadMemory at 0x7ceaec0000 of 384 bytes failed: Only part of a ReadProcessMemory or WriteProcessMemory request was completed. (0x12B)
[1206/141016.295:ERROR:process_memory_win.cc(73)] ReadMemory at 0x7f641e74000 of 6024 bytes failed: Only part of a ReadProcessMemory or WriteProcessMemory request was completed. (0x12B)
[1206/141016.295:ERROR:process_memory_win.cc(73)] ReadMemory at 0x7f641e76000 of 6024 bytes failed: Only part of a ReadProcessMemory or WriteProcessMemory request was completed. (0x12B)
[1206/141016.295:ERROR:process_memory_win.cc(73)] ReadMemory at 0x7f641e78000 of 6024 bytes failed: Only part of a ReadProcessMemory or WriteProcessMemory request was completed. (0x12B)
[1206/141016.295:ERROR:process_memory_win.cc(73)] ReadMemory at 0x7f641e79f80 of 6152 bytes failed: Only part of a ReadProcessMemory or WriteProcessMemory request was completed. (0x12B)
[1206/141016.296:ERROR:process_memory_win.cc(73)] ReadMemory at 0x7f641e7c000 of 6024 bytes failed: Only part of a ReadProcessMemory or WriteProcessMemory request was completed. (0x12B)
[1206/141016.296:ERROR:process_memory_win.cc(73)] ReadMemory at 0x7f641e7e000 of 6024 bytes failed: Only part of a ReadProcessMemory or WriteProcessMemory request was completed. (0x12B)
[1206/141016.296:ERROR:process_memory_win.cc(73)] ReadMemory at 0x7f641fa3000 of 6024 bytes failed: Only part of a ReadProcessMemory or WriteProcessMemory request was completed. (0x12B)
[1206/141016.296:ERROR:process_memory_win.cc(73)] ReadMemory at 0x7f641fa5000 of 6024 bytes failed: Only part of a ReadProcessMemory or WriteProcessMemory request was completed. (0x12B)
[1206/141016.296:ERROR:process_memory_win.cc(73)] ReadMemory at 0x7f641fa7000 of 6024 bytes failed: Only part of a ReadProcessMemory or WriteProcessMemory request was completed. (0x12B)
[1206/141016.296:ERROR:process_memory_win.cc(73)] ReadMemory at 0x7f641fa9000 of 6024 bytes failed: Only part of a ReadProcessMemory or WriteProcessMemory request was completed. (0x12B)
[1206/141016.296:ERROR:process_memory_win.cc(73)] ReadMemory at 0x7f641fab000 of 852 bytes failed: Only part of a ReadProcessMemory or WriteProcessMemory request was completed. (0x12B)
[1206/141016.296:ERROR:process_memory_win.cc(73)] ReadMemory at 0x7f641fac000 of 6024 bytes failed: Only part of a ReadProcessMemory or WriteProcessMemory request was completed. (0x12B)
[1206/141016.296:ERROR:process_memory_win.cc(73)] ReadMemory at 0x7f641fae000 of 6024 bytes failed: Only part of a ReadProcessMemory or WriteProcessMemory request was completed. (0x12B)
[1206/141016.296:ERROR:process_memory_win.cc(73)] ReadMemory at 0x7f863717dc5 of 512 bytes failed: Only part of a ReadProcessMemory or WriteProcessMemory request was completed. (0x12B)
[1206/141016.296:ERROR:process_memory_win.cc(73)] ReadMemory at 0x7f8637185be of 512 bytes failed: Only part of a ReadProcessMemory or WriteProcessMemory request was completed. (0x12B)
[1206/141016.296:ERROR:process_memory_win.cc(73)] ReadMemory at 0x7f86ec9aa0e of 512 bytes failed: Only part of a ReadProcessMemory or WriteProcessMemory request was completed. (0x12B)
[1206/141016.296:ERROR:process_memory_win.cc(73)] ReadMemory at 0x7f875502b6a of 592 bytes failed: Only part of a ReadProcessMemory or WriteProcessMemory request was completed. (0x12B)
[1206/141016.296:ERROR:process_memory_win.cc(73)] ReadMemory at 0x7f8755045ab of 576 bytes failed: Only part of a ReadProcessMemory or WriteProcessMemory request was completed. (0x12B)
[1206/141016.296:ERROR:process_memory_win.cc(73)] ReadMemory at 0x7f87553e320 of 512 bytes failed: Only part of a ReadProcessMemory or WriteProcessMemory request was completed. (0x12B)
[1206/141016.296:ERROR:process_memory_win.cc(73)] ReadMemory at 0x7f87556a558 of 18 bytes failed: Only part of a ReadProcessMemory or WriteProcessMemory request was completed. (0x12B)
[1206/141016.297:ERROR:process_memory_win.cc(73)] ReadMemory at 0x7f875636100 of 40 bytes failed: Only part of a ReadProcessMemory or WriteProcessMemory request was completed. (0x12B)
[1206/141016.297:ERROR:process_memory_win.cc(73)] ReadMemory at 0x7f8756368c0 of 64 bytes failed: Only part of a ReadProcessMemory or WriteProcessMemory request was completed. (0x12B)
[1206/141016.297:ERROR:process_memory_win.cc(73)] ReadMemory at 0x7f87563c0e0 of 48 bytes failed: Only part of a ReadProcessMemory or WriteProcessMemory request was completed. (0x12B)
[1206/141021.703:ERROR:scoped_process_suspend.cc(40)] NtResumeProcess: An attempt was made to access an exiting process. (0xc000010a)
